<?xml version="1.0" encoding="UTF-8"?>
<testng-results ignored="0" total="2" passed="2" failed="0" skipped="0">
  <reporter-output>
  </reporter-output>
  <suite started-at="2023-11-06T19:32:21 IST" name="Suite" finished-at="2023-11-06T19:32:33 IST" duration-ms="11659">
    <groups>
    </groups>
    <test started-at="2023-11-06T19:32:21 IST" name="Test" finished-at="2023-11-06T19:32:33 IST" duration-ms="11659">
      <class name="parallelTesting.Parallel1">
        <test-method signature="m2()[pri:0, instance:parallelTesting.Parallel1@6b927fb]" started-at="2023-11-06T19:32:21 IST" name="m2" finished-at="2023-11-06T19:32:26 IST" duration-ms="5353" status="PASS">
          <reporter-output>
          </reporter-output>
        </test-method> <!-- m2 -->
      </class> <!-- parallelTesting.Parallel1 -->
      <class name="parallelTesting.Parallel2">
        <test-method signature="m1()[pri:0, instance:parallelTesting.Parallel2@9f116cc]" started-at="2023-11-06T19:32:26 IST" name="m1" finished-at="2023-11-06T19:32:33 IST" duration-ms="6149" status="PASS">
          <reporter-output>
          </reporter-output>
        </test-method> <!-- m1 -->
      </class> <!-- parallelTesting.Parallel2 -->
    </test> <!-- Test -->
  </suite> <!-- Suite -->
</testng-results>
